<?xml version="1.0" encoding="UTF-8"?>
<!-- Generated by org.testng.reporters.JUnitXMLReporter -->
<testsuite ignored="1" hostname="Sanjay" failures="0" tests="1" name="Default test" time="73.77" errors="0" timestamp="2024-01-27T11:07:50 IST">
  <testcase classname="com.Hospiol.qa.testcases.AppointmentPageTest" name="verifyTheAddAppointmentPageByAddingNewPatientDataTest" time="63.487"/>
  <testcase classname="com.Hospiol.qa.testcases.AppointmentPageTest" name="verifyAddAppointmentBtnTest" time="0.0">
    <ignored/>
  </testcase> <!-- verifyAddAppointmentBtnTest -->
</testsuite> <!-- Default test -->
