<?xml version="1.0" encoding="UTF-8"?>
<testng-results ignored="1" total="2" passed="1" failed="0" skipped="0">
  <reporter-output>
  </reporter-output>
  <suite started-at="2024-01-27T11:06:36 IST" name="Default suite" finished-at="2024-01-27T11:07:50 IST" duration-ms="73770">
    <groups>
    </groups>
    <test started-at="2024-01-27T11:06:36 IST" name="Default test" finished-at="2024-01-27T11:07:50 IST" duration-ms="73770">
      <class name="com.Hospiol.qa.testcases.AppointmentPageTest">
        <test-method is-config="true" signature="setup()[pri:0, instance:com.Hospiol.qa.testcases.AppointmentPageTest@54e1c68b]" started-at="2024-01-27T11:06:36 IST" name="setup" finished-at="2024-01-27T11:06:46 IST" duration-ms="10238" status="PASS">
          <reporter-output>
          </reporter-output>
        </test-method> <!-- setup -->
        <test-method signature="verifyTheAddAppointmentPageByAddingNewPatientDataTest()[pri:0, instance:com.Hospiol.qa.testcases.AppointmentPageTest@54e1c68b]" started-at="2024-01-27T11:06:46 IST" name="verifyTheAddAppointmentPageByAddingNewPatientDataTest" finished-at="2024-01-27T11:07:50 IST" duration-ms="63487" status="PASS">
          <reporter-output>
          </reporter-output>
        </test-method> <!-- verifyTheAddAppointmentPageByAddingNewPatientDataTest -->
      </class> <!-- com.Hospiol.qa.testcases.AppointmentPageTest -->
    </test> <!-- Default test -->
  </suite> <!-- Default suite -->
</testng-results>
